<?xml version="1.0" encoding="UTF-8"?>
<testng-results ignored="0" total="1" passed="1" failed="0" skipped="0">
  <reporter-output>
  </reporter-output>
  <suite started-at="2022-01-20T22:48:49 IST" name="Default suite" finished-at="2022-01-20T22:49:31 IST" duration-ms="41811">
    <groups>
    </groups>
    <test started-at="2022-01-20T22:48:49 IST" name="Default test" finished-at="2022-01-20T22:49:31 IST" duration-ms="41811">
      <class name="Academy1.Landingpage">
        <test-method signature="initialize()[pri:0, instance:Academy1.Landingpage@41294f8]" started-at="2022-01-20T22:48:49 IST" name="initialize" finished-at="2022-01-20T22:49:31 IST" duration-ms="41500" status="PASS">
          <reporter-output>
          </reporter-output>
        </test-method> <!-- initialize -->
      </class> <!-- Academy1.Landingpage -->
    </test> <!-- Default test -->
  </suite> <!-- Default suite -->
</testng-results>
