<?xml version="1.0" encoding="UTF-8"?>
<!-- Generated by org.testng.reporters.JUnitXMLReporter -->
<testsuite ignored="0" hostname="DESKTOP-H54BCTD" failures="0" tests="6" name="Default test" time="0.323" errors="0" timestamp="2022-05-31T13:14:24 IST">
  <testcase classname="Jenkins.CICD.SeleniumTest" name="getdata1" time="0.02"/>
  <testcase classname="Jenkins.CICD.SeleniumTest" name="getdata2" time="0.005"/>
  <testcase classname="Jenkins.CICD.RestAPI" name="getdata3" time="0.004"/>
  <testcase classname="Jenkins.CICD.RestAPI" name="getdata4" time="0.015"/>
  <testcase classname="Jenkins.CICD.Appium" name="getdata5" time="0.006"/>
  <testcase classname="Jenkins.CICD.Appium" name="getdata6" time="0.011"/>
</testsuite> <!-- Default test -->
